2023-05-05T22:38:25,751 - CPUUtilization.Percent:0.0|#Level:Host|#hostname:MacBook-Pro.local,timestamp:1683297505
2023-05-05T22:38:25,752 - DiskAvailable.Gigabytes:72.72164154052734|#Level:Host|#hostname:MacBook-Pro.local,timestamp:1683297505
2023-05-05T22:38:25,752 - DiskUsage.Gigabytes:8.452922821044922|#Level:Host|#hostname:MacBook-Pro.local,timestamp:1683297505
2023-05-05T22:38:25,752 - DiskUtilization.Percent:10.4|#Level:Host|#hostname:MacBook-Pro.local,timestamp:1683297505
2023-05-05T22:38:25,752 - MemoryAvailable.Megabytes:6625.3125|#Level:Host|#hostname:MacBook-Pro.local,timestamp:1683297505
2023-05-05T22:38:25,752 - MemoryUsed.Megabytes:7286.53125|#Level:Host|#hostname:MacBook-Pro.local,timestamp:1683297505
2023-05-05T22:38:25,752 - MemoryUtilization.Percent:59.6|#Level:Host|#hostname:MacBook-Pro.local,timestamp:1683297505
2023-05-05T22:38:51,214 - Requests4XX.Count:1|#Level:Host|#hostname:MacBook-Pro.local,timestamp:1683297531
2023-05-05T22:38:51,985 - Requests4XX.Count:1|#Level:Host|#hostname:MacBook-Pro.local,timestamp:1683297531
2023-05-05T22:39:03,634 - Requests4XX.Count:1|#Level:Host|#hostname:MacBook-Pro.local,timestamp:1683297531
2023-05-05T22:39:04,301 - Requests4XX.Count:1|#Level:Host|#hostname:MacBook-Pro.local,timestamp:1683297531
2023-05-05T22:39:20,181 - Requests4XX.Count:1|#Level:Host|#hostname:MacBook-Pro.local,timestamp:1683297531
2023-05-05T22:39:20,706 - Requests4XX.Count:1|#Level:Host|#hostname:MacBook-Pro.local,timestamp:1683297531
2023-05-05T22:39:25,782 - CPUUtilization.Percent:0.0|#Level:Host|#hostname:MacBook-Pro.local,timestamp:1683297565
2023-05-05T22:39:25,782 - DiskAvailable.Gigabytes:72.72784805297852|#Level:Host|#hostname:MacBook-Pro.local,timestamp:1683297565
2023-05-05T22:39:25,782 - DiskUsage.Gigabytes:8.452922821044922|#Level:Host|#hostname:MacBook-Pro.local,timestamp:1683297565
2023-05-05T22:39:25,782 - DiskUtilization.Percent:10.4|#Level:Host|#hostname:MacBook-Pro.local,timestamp:1683297565
2023-05-05T22:39:25,782 - MemoryAvailable.Megabytes:6185.265625|#Level:Host|#hostname:MacBook-Pro.local,timestamp:1683297565
2023-05-05T22:39:25,782 - MemoryUsed.Megabytes:7753.875|#Level:Host|#hostname:MacBook-Pro.local,timestamp:1683297565
2023-05-05T22:39:25,783 - MemoryUtilization.Percent:62.2|#Level:Host|#hostname:MacBook-Pro.local,timestamp:1683297565
2023-05-05T22:40:25,761 - CPUUtilization.Percent:0.0|#Level:Host|#hostname:MacBook-Pro.local,timestamp:1683297625
2023-05-05T22:40:25,761 - DiskAvailable.Gigabytes:72.7247428894043|#Level:Host|#hostname:MacBook-Pro.local,timestamp:1683297625
2023-05-05T22:40:25,761 - DiskUsage.Gigabytes:8.452922821044922|#Level:Host|#hostname:MacBook-Pro.local,timestamp:1683297625
2023-05-05T22:40:25,761 - DiskUtilization.Percent:10.4|#Level:Host|#hostname:MacBook-Pro.local,timestamp:1683297625
2023-05-05T22:40:25,761 - MemoryAvailable.Megabytes:6259.328125|#Level:Host|#hostname:MacBook-Pro.local,timestamp:1683297625
2023-05-05T22:40:25,761 - MemoryUsed.Megabytes:7681.15625|#Level:Host|#hostname:MacBook-Pro.local,timestamp:1683297625
2023-05-05T22:40:25,762 - MemoryUtilization.Percent:61.8|#Level:Host|#hostname:MacBook-Pro.local,timestamp:1683297625
2023-05-05T22:41:11,463 - CPUUtilization.Percent:0.0|#Level:Host|#hostname:MacBook-Pro.local,timestamp:1683297671
2023-05-05T22:41:11,463 - DiskAvailable.Gigabytes:72.72161865234375|#Level:Host|#hostname:MacBook-Pro.local,timestamp:1683297671
2023-05-05T22:41:11,463 - DiskUsage.Gigabytes:8.452922821044922|#Level:Host|#hostname:MacBook-Pro.local,timestamp:1683297671
2023-05-05T22:41:11,463 - DiskUtilization.Percent:10.4|#Level:Host|#hostname:MacBook-Pro.local,timestamp:1683297671
2023-05-05T22:41:11,464 - MemoryAvailable.Megabytes:6357.671875|#Level:Host|#hostname:MacBook-Pro.local,timestamp:1683297671
2023-05-05T22:41:11,464 - MemoryUsed.Megabytes:7581.859375|#Level:Host|#hostname:MacBook-Pro.local,timestamp:1683297671
2023-05-05T22:41:11,464 - MemoryUtilization.Percent:61.2|#Level:Host|#hostname:MacBook-Pro.local,timestamp:1683297671
2023-05-05T22:42:11,486 - CPUUtilization.Percent:0.0|#Level:Host|#hostname:MacBook-Pro.local,timestamp:1683297731
2023-05-05T22:42:11,486 - DiskAvailable.Gigabytes:72.72119522094727|#Level:Host|#hostname:MacBook-Pro.local,timestamp:1683297731
2023-05-05T22:42:11,486 - DiskUsage.Gigabytes:8.452922821044922|#Level:Host|#hostname:MacBook-Pro.local,timestamp:1683297731
2023-05-05T22:42:11,487 - DiskUtilization.Percent:10.4|#Level:Host|#hostname:MacBook-Pro.local,timestamp:1683297731
2023-05-05T22:42:11,487 - MemoryAvailable.Megabytes:6270.515625|#Level:Host|#hostname:MacBook-Pro.local,timestamp:1683297731
2023-05-05T22:42:11,487 - MemoryUsed.Megabytes:7670.46875|#Level:Host|#hostname:MacBook-Pro.local,timestamp:1683297731
2023-05-05T22:42:11,487 - MemoryUtilization.Percent:61.7|#Level:Host|#hostname:MacBook-Pro.local,timestamp:1683297731
2023-05-05T22:43:11,497 - CPUUtilization.Percent:0.0|#Level:Host|#hostname:MacBook-Pro.local,timestamp:1683297791
2023-05-05T22:43:11,497 - DiskAvailable.Gigabytes:72.72672271728516|#Level:Host|#hostname:MacBook-Pro.local,timestamp:1683297791
2023-05-05T22:43:11,497 - DiskUsage.Gigabytes:8.452922821044922|#Level:Host|#hostname:MacBook-Pro.local,timestamp:1683297791
2023-05-05T22:43:11,497 - DiskUtilization.Percent:10.4|#Level:Host|#hostname:MacBook-Pro.local,timestamp:1683297791
2023-05-05T22:43:11,497 - MemoryAvailable.Megabytes:6259.921875|#Level:Host|#hostname:MacBook-Pro.local,timestamp:1683297791
2023-05-05T22:43:11,497 - MemoryUsed.Megabytes:7687.75|#Level:Host|#hostname:MacBook-Pro.local,timestamp:1683297791
2023-05-05T22:43:11,497 - MemoryUtilization.Percent:61.8|#Level:Host|#hostname:MacBook-Pro.local,timestamp:1683297791
2023-05-05T22:43:57,830 - Requests4XX.Count:1|#Level:Host|#hostname:MacBook-Pro.local,timestamp:1683297837
2023-05-05T22:44:11,496 - CPUUtilization.Percent:0.0|#Level:Host|#hostname:MacBook-Pro.local,timestamp:1683297851
2023-05-05T22:44:11,497 - DiskAvailable.Gigabytes:72.72615051269531|#Level:Host|#hostname:MacBook-Pro.local,timestamp:1683297851
2023-05-05T22:44:11,497 - DiskUsage.Gigabytes:8.452922821044922|#Level:Host|#hostname:MacBook-Pro.local,timestamp:1683297851
2023-05-05T22:44:11,497 - DiskUtilization.Percent:10.4|#Level:Host|#hostname:MacBook-Pro.local,timestamp:1683297851
2023-05-05T22:44:11,497 - MemoryAvailable.Megabytes:6163.609375|#Level:Host|#hostname:MacBook-Pro.local,timestamp:1683297851
2023-05-05T22:44:11,497 - MemoryUsed.Megabytes:7795.671875|#Level:Host|#hostname:MacBook-Pro.local,timestamp:1683297851
2023-05-05T22:44:11,497 - MemoryUtilization.Percent:62.4|#Level:Host|#hostname:MacBook-Pro.local,timestamp:1683297851
2023-05-05T22:45:11,491 - CPUUtilization.Percent:0.0|#Level:Host|#hostname:MacBook-Pro.local,timestamp:1683297911
2023-05-05T22:45:11,491 - DiskAvailable.Gigabytes:72.72361373901367|#Level:Host|#hostname:MacBook-Pro.local,timestamp:1683297911
2023-05-05T22:45:11,491 - DiskUsage.Gigabytes:8.452922821044922|#Level:Host|#hostname:MacBook-Pro.local,timestamp:1683297911
2023-05-05T22:45:11,492 - DiskUtilization.Percent:10.4|#Level:Host|#hostname:MacBook-Pro.local,timestamp:1683297911
2023-05-05T22:45:11,492 - MemoryAvailable.Megabytes:6276.59375|#Level:Host|#hostname:MacBook-Pro.local,timestamp:1683297911
2023-05-05T22:45:11,492 - MemoryUsed.Megabytes:7688.796875|#Level:Host|#hostname:MacBook-Pro.local,timestamp:1683297911
2023-05-05T22:45:11,492 - MemoryUtilization.Percent:61.7|#Level:Host|#hostname:MacBook-Pro.local,timestamp:1683297911
2023-05-05T22:46:11,482 - CPUUtilization.Percent:100.0|#Level:Host|#hostname:MacBook-Pro.local,timestamp:1683297971
2023-05-05T22:46:11,483 - DiskAvailable.Gigabytes:72.7211799621582|#Level:Host|#hostname:MacBook-Pro.local,timestamp:1683297971
2023-05-05T22:46:11,483 - DiskUsage.Gigabytes:8.452922821044922|#Level:Host|#hostname:MacBook-Pro.local,timestamp:1683297971
2023-05-05T22:46:11,483 - DiskUtilization.Percent:10.4|#Level:Host|#hostname:MacBook-Pro.local,timestamp:1683297971
2023-05-05T22:46:11,483 - MemoryAvailable.Megabytes:6184.46875|#Level:Host|#hostname:MacBook-Pro.local,timestamp:1683297971
2023-05-05T22:46:11,483 - MemoryUsed.Megabytes:7786.421875|#Level:Host|#hostname:MacBook-Pro.local,timestamp:1683297971
2023-05-05T22:46:11,483 - MemoryUtilization.Percent:62.3|#Level:Host|#hostname:MacBook-Pro.local,timestamp:1683297971
2023-05-05T22:47:11,492 - CPUUtilization.Percent:0.0|#Level:Host|#hostname:MacBook-Pro.local,timestamp:1683298031
2023-05-05T22:47:11,492 - DiskAvailable.Gigabytes:72.71596908569336|#Level:Host|#hostname:MacBook-Pro.local,timestamp:1683298031
2023-05-05T22:47:11,492 - DiskUsage.Gigabytes:8.452922821044922|#Level:Host|#hostname:MacBook-Pro.local,timestamp:1683298031
2023-05-05T22:47:11,492 - DiskUtilization.Percent:10.4|#Level:Host|#hostname:MacBook-Pro.local,timestamp:1683298031
2023-05-05T22:47:11,492 - MemoryAvailable.Megabytes:6191.15625|#Level:Host|#hostname:MacBook-Pro.local,timestamp:1683298031
2023-05-05T22:47:11,493 - MemoryUsed.Megabytes:7800.390625|#Level:Host|#hostname:MacBook-Pro.local,timestamp:1683298031
2023-05-05T22:47:11,493 - MemoryUtilization.Percent:62.2|#Level:Host|#hostname:MacBook-Pro.local,timestamp:1683298031
2023-05-05T22:48:11,464 - CPUUtilization.Percent:0.0|#Level:Host|#hostname:MacBook-Pro.local,timestamp:1683298091
2023-05-05T22:48:11,465 - DiskAvailable.Gigabytes:72.7136116027832|#Level:Host|#hostname:MacBook-Pro.local,timestamp:1683298091
2023-05-05T22:48:11,465 - DiskUsage.Gigabytes:8.452922821044922|#Level:Host|#hostname:MacBook-Pro.local,timestamp:1683298091
2023-05-05T22:48:11,465 - DiskUtilization.Percent:10.4|#Level:Host|#hostname:MacBook-Pro.local,timestamp:1683298091
2023-05-05T22:48:11,465 - MemoryAvailable.Megabytes:6245.140625|#Level:Host|#hostname:MacBook-Pro.local,timestamp:1683298091
2023-05-05T22:48:11,465 - MemoryUsed.Megabytes:7746.3125|#Level:Host|#hostname:MacBook-Pro.local,timestamp:1683298091
2023-05-05T22:48:11,465 - MemoryUtilization.Percent:61.9|#Level:Host|#hostname:MacBook-Pro.local,timestamp:1683298091
2023-05-05T22:49:11,477 - CPUUtilization.Percent:0.0|#Level:Host|#hostname:MacBook-Pro.local,timestamp:1683298151
2023-05-05T22:49:11,477 - DiskAvailable.Gigabytes:72.71305847167969|#Level:Host|#hostname:MacBook-Pro.local,timestamp:1683298151
2023-05-05T22:49:11,477 - DiskUsage.Gigabytes:8.452922821044922|#Level:Host|#hostname:MacBook-Pro.local,timestamp:1683298151
2023-05-05T22:49:11,477 - DiskUtilization.Percent:10.4|#Level:Host|#hostname:MacBook-Pro.local,timestamp:1683298151
2023-05-05T22:49:11,477 - MemoryAvailable.Megabytes:6249.578125|#Level:Host|#hostname:MacBook-Pro.local,timestamp:1683298151
2023-05-05T22:49:11,477 - MemoryUsed.Megabytes:7741.78125|#Level:Host|#hostname:MacBook-Pro.local,timestamp:1683298151
2023-05-05T22:49:11,477 - MemoryUtilization.Percent:61.9|#Level:Host|#hostname:MacBook-Pro.local,timestamp:1683298151
2023-05-05T22:50:11,486 - CPUUtilization.Percent:0.0|#Level:Host|#hostname:MacBook-Pro.local,timestamp:1683298211
2023-05-05T22:50:11,487 - DiskAvailable.Gigabytes:72.71179962158203|#Level:Host|#hostname:MacBook-Pro.local,timestamp:1683298211
2023-05-05T22:50:11,487 - DiskUsage.Gigabytes:8.452922821044922|#Level:Host|#hostname:MacBook-Pro.local,timestamp:1683298211
2023-05-05T22:50:11,487 - DiskUtilization.Percent:10.4|#Level:Host|#hostname:MacBook-Pro.local,timestamp:1683298211
2023-05-05T22:50:11,487 - MemoryAvailable.Megabytes:6243.390625|#Level:Host|#hostname:MacBook-Pro.local,timestamp:1683298211
2023-05-05T22:50:11,487 - MemoryUsed.Megabytes:7749.328125|#Level:Host|#hostname:MacBook-Pro.local,timestamp:1683298211
2023-05-05T22:50:11,487 - MemoryUtilization.Percent:61.9|#Level:Host|#hostname:MacBook-Pro.local,timestamp:1683298211
2023-05-05T22:51:02,694 - Requests4XX.Count:1|#Level:Host|#hostname:MacBook-Pro.local,timestamp:1683297837
2023-05-05T22:51:11,485 - CPUUtilization.Percent:0.0|#Level:Host|#hostname:MacBook-Pro.local,timestamp:1683298271
2023-05-05T22:51:11,485 - DiskAvailable.Gigabytes:72.70958709716797|#Level:Host|#hostname:MacBook-Pro.local,timestamp:1683298271
2023-05-05T22:51:11,485 - DiskUsage.Gigabytes:8.452922821044922|#Level:Host|#hostname:MacBook-Pro.local,timestamp:1683298271
2023-05-05T22:51:11,485 - DiskUtilization.Percent:10.4|#Level:Host|#hostname:MacBook-Pro.local,timestamp:1683298271
2023-05-05T22:51:11,485 - MemoryAvailable.Megabytes:6189.890625|#Level:Host|#hostname:MacBook-Pro.local,timestamp:1683298271
2023-05-05T22:51:11,485 - MemoryUsed.Megabytes:7815.359375|#Level:Host|#hostname:MacBook-Pro.local,timestamp:1683298271
2023-05-05T22:51:11,485 - MemoryUtilization.Percent:62.2|#Level:Host|#hostname:MacBook-Pro.local,timestamp:1683298271
2023-05-05T22:51:41,162 - Requests4XX.Count:1|#Level:Host|#hostname:MacBook-Pro.local,timestamp:1683297837
2023-05-05T22:51:43,359 - Requests4XX.Count:1|#Level:Host|#hostname:MacBook-Pro.local,timestamp:1683297837
2023-05-05T22:51:43,956 - Requests4XX.Count:1|#Level:Host|#hostname:MacBook-Pro.local,timestamp:1683297837
2023-05-05T22:51:44,404 - Requests4XX.Count:1|#Level:Host|#hostname:MacBook-Pro.local,timestamp:1683297837
2023-05-05T22:51:44,610 - Requests4XX.Count:1|#Level:Host|#hostname:MacBook-Pro.local,timestamp:1683297837
2023-05-05T22:51:44,752 - Requests4XX.Count:1|#Level:Host|#hostname:MacBook-Pro.local,timestamp:1683297837
2023-05-05T22:51:44,863 - Requests4XX.Count:1|#Level:Host|#hostname:MacBook-Pro.local,timestamp:1683297837
2023-05-05T22:51:45,556 - Requests4XX.Count:1|#Level:Host|#hostname:MacBook-Pro.local,timestamp:1683297837
2023-05-05T22:51:47,065 - Requests4XX.Count:1|#Level:Host|#hostname:MacBook-Pro.local,timestamp:1683297837
2023-05-05T22:51:47,731 - Requests4XX.Count:1|#Level:Host|#hostname:MacBook-Pro.local,timestamp:1683297837
2023-05-05T22:51:58,901 - Requests4XX.Count:1|#Level:Host|#hostname:MacBook-Pro.local,timestamp:1683297837
2023-05-05T22:52:00,018 - Requests4XX.Count:1|#Level:Host|#hostname:MacBook-Pro.local,timestamp:1683297837
2023-05-05T22:52:04,678 - Requests4XX.Count:1|#Level:Host|#hostname:MacBook-Pro.local,timestamp:1683297837
2023-05-05T22:52:11,464 - CPUUtilization.Percent:0.0|#Level:Host|#hostname:MacBook-Pro.local,timestamp:1683298331
2023-05-05T22:52:11,464 - DiskAvailable.Gigabytes:72.7102165222168|#Level:Host|#hostname:MacBook-Pro.local,timestamp:1683298331
2023-05-05T22:52:11,465 - DiskUsage.Gigabytes:8.452922821044922|#Level:Host|#hostname:MacBook-Pro.local,timestamp:1683298331
2023-05-05T22:52:11,465 - DiskUtilization.Percent:10.4|#Level:Host|#hostname:MacBook-Pro.local,timestamp:1683298331
2023-05-05T22:52:11,465 - MemoryAvailable.Megabytes:6294.75|#Level:Host|#hostname:MacBook-Pro.local,timestamp:1683298331
2023-05-05T22:52:11,465 - MemoryUsed.Megabytes:7715.125|#Level:Host|#hostname:MacBook-Pro.local,timestamp:1683298331
2023-05-05T22:52:11,465 - MemoryUtilization.Percent:61.6|#Level:Host|#hostname:MacBook-Pro.local,timestamp:1683298331
2023-05-05T22:53:11,482 - CPUUtilization.Percent:50.0|#Level:Host|#hostname:MacBook-Pro.local,timestamp:1683298391
2023-05-05T22:53:11,482 - DiskAvailable.Gigabytes:72.71029663085938|#Level:Host|#hostname:MacBook-Pro.local,timestamp:1683298391
2023-05-05T22:53:11,482 - DiskUsage.Gigabytes:8.452922821044922|#Level:Host|#hostname:MacBook-Pro.local,timestamp:1683298391
2023-05-05T22:53:11,482 - DiskUtilization.Percent:10.4|#Level:Host|#hostname:MacBook-Pro.local,timestamp:1683298391
2023-05-05T22:53:11,483 - MemoryAvailable.Megabytes:6341.25|#Level:Host|#hostname:MacBook-Pro.local,timestamp:1683298391
2023-05-05T22:53:11,483 - MemoryUsed.Megabytes:7668.78125|#Level:Host|#hostname:MacBook-Pro.local,timestamp:1683298391
2023-05-05T22:53:11,483 - MemoryUtilization.Percent:61.3|#Level:Host|#hostname:MacBook-Pro.local,timestamp:1683298391
2023-05-05T22:54:11,484 - CPUUtilization.Percent:0.0|#Level:Host|#hostname:MacBook-Pro.local,timestamp:1683298451
2023-05-05T22:54:11,484 - DiskAvailable.Gigabytes:72.70927047729492|#Level:Host|#hostname:MacBook-Pro.local,timestamp:1683298451
2023-05-05T22:54:11,485 - DiskUsage.Gigabytes:8.452922821044922|#Level:Host|#hostname:MacBook-Pro.local,timestamp:1683298451
2023-05-05T22:54:11,485 - DiskUtilization.Percent:10.4|#Level:Host|#hostname:MacBook-Pro.local,timestamp:1683298451
2023-05-05T22:54:11,485 - MemoryAvailable.Megabytes:6303.296875|#Level:Host|#hostname:MacBook-Pro.local,timestamp:1683298451
2023-05-05T22:54:11,485 - MemoryUsed.Megabytes:7705.953125|#Level:Host|#hostname:MacBook-Pro.local,timestamp:1683298451
2023-05-05T22:54:11,485 - MemoryUtilization.Percent:61.5|#Level:Host|#hostname:MacBook-Pro.local,timestamp:1683298451
2023-05-05T22:55:11,489 - CPUUtilization.Percent:0.0|#Level:Host|#hostname:MacBook-Pro.local,timestamp:1683298511
2023-05-05T22:55:11,489 - DiskAvailable.Gigabytes:72.70830535888672|#Level:Host|#hostname:MacBook-Pro.local,timestamp:1683298511
2023-05-05T22:55:11,489 - DiskUsage.Gigabytes:8.452922821044922|#Level:Host|#hostname:MacBook-Pro.local,timestamp:1683298511
2023-05-05T22:55:11,490 - DiskUtilization.Percent:10.4|#Level:Host|#hostname:MacBook-Pro.local,timestamp:1683298511
2023-05-05T22:55:11,490 - MemoryAvailable.Megabytes:6334.6875|#Level:Host|#hostname:MacBook-Pro.local,timestamp:1683298511
2023-05-05T22:55:11,490 - MemoryUsed.Megabytes:7676.875|#Level:Host|#hostname:MacBook-Pro.local,timestamp:1683298511
2023-05-05T22:55:11,490 - MemoryUtilization.Percent:61.3|#Level:Host|#hostname:MacBook-Pro.local,timestamp:1683298511
2023-05-05T22:56:11,512 - CPUUtilization.Percent:0.0|#Level:Host|#hostname:MacBook-Pro.local,timestamp:1683298571
2023-05-05T22:56:11,512 - DiskAvailable.Gigabytes:72.70252990722656|#Level:Host|#hostname:MacBook-Pro.local,timestamp:1683298571
2023-05-05T22:56:11,512 - DiskUsage.Gigabytes:8.452922821044922|#Level:Host|#hostname:MacBook-Pro.local,timestamp:1683298571
2023-05-05T22:56:11,512 - DiskUtilization.Percent:10.4|#Level:Host|#hostname:MacBook-Pro.local,timestamp:1683298571
2023-05-05T22:56:11,512 - MemoryAvailable.Megabytes:6262.765625|#Level:Host|#hostname:MacBook-Pro.local,timestamp:1683298571
2023-05-05T22:56:11,512 - MemoryUsed.Megabytes:7747.25|#Level:Host|#hostname:MacBook-Pro.local,timestamp:1683298571
2023-05-05T22:56:11,512 - MemoryUtilization.Percent:61.8|#Level:Host|#hostname:MacBook-Pro.local,timestamp:1683298571
2023-05-05T22:57:11,494 - CPUUtilization.Percent:0.0|#Level:Host|#hostname:MacBook-Pro.local,timestamp:1683298631
2023-05-05T22:57:11,494 - DiskAvailable.Gigabytes:72.70135879516602|#Level:Host|#hostname:MacBook-Pro.local,timestamp:1683298631
2023-05-05T22:57:11,495 - DiskUsage.Gigabytes:8.452922821044922|#Level:Host|#hostname:MacBook-Pro.local,timestamp:1683298631
2023-05-05T22:57:11,495 - DiskUtilization.Percent:10.4|#Level:Host|#hostname:MacBook-Pro.local,timestamp:1683298631
2023-05-05T22:57:11,495 - MemoryAvailable.Megabytes:6250.359375|#Level:Host|#hostname:MacBook-Pro.local,timestamp:1683298631
2023-05-05T22:57:11,495 - MemoryUsed.Megabytes:7760.59375|#Level:Host|#hostname:MacBook-Pro.local,timestamp:1683298631
2023-05-05T22:57:11,495 - MemoryUtilization.Percent:61.9|#Level:Host|#hostname:MacBook-Pro.local,timestamp:1683298631
2023-05-05T22:58:11,511 - CPUUtilization.Percent:0.0|#Level:Host|#hostname:MacBook-Pro.local,timestamp:1683298691
2023-05-05T22:58:11,511 - DiskAvailable.Gigabytes:72.70072555541992|#Level:Host|#hostname:MacBook-Pro.local,timestamp:1683298691
2023-05-05T22:58:11,511 - DiskUsage.Gigabytes:8.452922821044922|#Level:Host|#hostname:MacBook-Pro.local,timestamp:1683298691
2023-05-05T22:58:11,511 - DiskUtilization.Percent:10.4|#Level:Host|#hostname:MacBook-Pro.local,timestamp:1683298691
2023-05-05T22:58:11,511 - MemoryAvailable.Megabytes:6250.625|#Level:Host|#hostname:MacBook-Pro.local,timestamp:1683298691
2023-05-05T22:58:11,511 - MemoryUsed.Megabytes:7761.078125|#Level:Host|#hostname:MacBook-Pro.local,timestamp:1683298691
2023-05-05T22:58:11,511 - MemoryUtilization.Percent:61.8|#Level:Host|#hostname:MacBook-Pro.local,timestamp:1683298691
2023-05-05T22:59:11,514 - CPUUtilization.Percent:0.0|#Level:Host|#hostname:MacBook-Pro.local,timestamp:1683298751
2023-05-05T22:59:11,514 - DiskAvailable.Gigabytes:72.69887924194336|#Level:Host|#hostname:MacBook-Pro.local,timestamp:1683298751
2023-05-05T22:59:11,514 - DiskUsage.Gigabytes:8.452922821044922|#Level:Host|#hostname:MacBook-Pro.local,timestamp:1683298751
2023-05-05T22:59:11,514 - DiskUtilization.Percent:10.4|#Level:Host|#hostname:MacBook-Pro.local,timestamp:1683298751
2023-05-05T22:59:11,514 - MemoryAvailable.Megabytes:6258.734375|#Level:Host|#hostname:MacBook-Pro.local,timestamp:1683298751
2023-05-05T22:59:11,514 - MemoryUsed.Megabytes:7758.484375|#Level:Host|#hostname:MacBook-Pro.local,timestamp:1683298751
2023-05-05T22:59:11,514 - MemoryUtilization.Percent:61.8|#Level:Host|#hostname:MacBook-Pro.local,timestamp:1683298751
2023-05-05T23:00:11,498 - CPUUtilization.Percent:0.0|#Level:Host|#hostname:MacBook-Pro.local,timestamp:1683298811
2023-05-05T23:00:11,498 - DiskAvailable.Gigabytes:72.69686508178711|#Level:Host|#hostname:MacBook-Pro.local,timestamp:1683298811
2023-05-05T23:00:11,498 - DiskUsage.Gigabytes:8.452922821044922|#Level:Host|#hostname:MacBook-Pro.local,timestamp:1683298811
2023-05-05T23:00:11,498 - DiskUtilization.Percent:10.4|#Level:Host|#hostname:MacBook-Pro.local,timestamp:1683298811
2023-05-05T23:00:11,498 - MemoryAvailable.Megabytes:6239.5|#Level:Host|#hostname:MacBook-Pro.local,timestamp:1683298811
2023-05-05T23:00:11,498 - MemoryUsed.Megabytes:7780.765625|#Level:Host|#hostname:MacBook-Pro.local,timestamp:1683298811
2023-05-05T23:00:11,498 - MemoryUtilization.Percent:61.9|#Level:Host|#hostname:MacBook-Pro.local,timestamp:1683298811
2023-05-05T23:01:11,511 - CPUUtilization.Percent:0.0|#Level:Host|#hostname:MacBook-Pro.local,timestamp:1683298871
2023-05-05T23:01:11,511 - DiskAvailable.Gigabytes:72.69606018066406|#Level:Host|#hostname:MacBook-Pro.local,timestamp:1683298871
2023-05-05T23:01:11,511 - DiskUsage.Gigabytes:8.452922821044922|#Level:Host|#hostname:MacBook-Pro.local,timestamp:1683298871
2023-05-05T23:01:11,511 - DiskUtilization.Percent:10.4|#Level:Host|#hostname:MacBook-Pro.local,timestamp:1683298871
2023-05-05T23:01:11,511 - MemoryAvailable.Megabytes:6209.796875|#Level:Host|#hostname:MacBook-Pro.local,timestamp:1683298871
2023-05-05T23:01:11,511 - MemoryUsed.Megabytes:7808.859375|#Level:Host|#hostname:MacBook-Pro.local,timestamp:1683298871
2023-05-05T23:01:11,511 - MemoryUtilization.Percent:62.1|#Level:Host|#hostname:MacBook-Pro.local,timestamp:1683298871
2023-05-05T23:02:11,507 - CPUUtilization.Percent:100.0|#Level:Host|#hostname:MacBook-Pro.local,timestamp:1683298931
2023-05-05T23:02:11,507 - DiskAvailable.Gigabytes:72.69295883178711|#Level:Host|#hostname:MacBook-Pro.local,timestamp:1683298931
2023-05-05T23:02:11,507 - DiskUsage.Gigabytes:8.452922821044922|#Level:Host|#hostname:MacBook-Pro.local,timestamp:1683298931
2023-05-05T23:02:11,507 - DiskUtilization.Percent:10.4|#Level:Host|#hostname:MacBook-Pro.local,timestamp:1683298931
2023-05-05T23:02:11,507 - MemoryAvailable.Megabytes:6295.59375|#Level:Host|#hostname:MacBook-Pro.local,timestamp:1683298931
2023-05-05T23:02:11,507 - MemoryUsed.Megabytes:7725.828125|#Level:Host|#hostname:MacBook-Pro.local,timestamp:1683298931
2023-05-05T23:02:11,507 - MemoryUtilization.Percent:61.6|#Level:Host|#hostname:MacBook-Pro.local,timestamp:1683298931
2023-05-05T23:03:05,586 - Requests4XX.Count:1|#Level:Host|#hostname:MacBook-Pro.local,timestamp:1683297837
2023-05-05T23:03:11,506 - CPUUtilization.Percent:0.0|#Level:Host|#hostname:MacBook-Pro.local,timestamp:1683298991
2023-05-05T23:03:11,506 - DiskAvailable.Gigabytes:72.69272994995117|#Level:Host|#hostname:MacBook-Pro.local,timestamp:1683298991
2023-05-05T23:03:11,506 - DiskUsage.Gigabytes:8.452922821044922|#Level:Host|#hostname:MacBook-Pro.local,timestamp:1683298991
2023-05-05T23:03:11,506 - DiskUtilization.Percent:10.4|#Level:Host|#hostname:MacBook-Pro.local,timestamp:1683298991
2023-05-05T23:03:11,506 - MemoryAvailable.Megabytes:6224.234375|#Level:Host|#hostname:MacBook-Pro.local,timestamp:1683298991
2023-05-05T23:03:11,506 - MemoryUsed.Megabytes:7796.734375|#Level:Host|#hostname:MacBook-Pro.local,timestamp:1683298991
2023-05-05T23:03:11,506 - MemoryUtilization.Percent:62.0|#Level:Host|#hostname:MacBook-Pro.local,timestamp:1683298991
2023-05-05T23:03:24,019 - Requests4XX.Count:1|#Level:Host|#hostname:MacBook-Pro.local,timestamp:1683297837
2023-05-05T23:03:24,877 - Requests4XX.Count:1|#Level:Host|#hostname:MacBook-Pro.local,timestamp:1683297837
2023-05-05T23:04:11,481 - CPUUtilization.Percent:100.0|#Level:Host|#hostname:MacBook-Pro.local,timestamp:1683299051
2023-05-05T23:04:11,482 - DiskAvailable.Gigabytes:72.69262313842773|#Level:Host|#hostname:MacBook-Pro.local,timestamp:1683299051
2023-05-05T23:04:11,482 - DiskUsage.Gigabytes:8.452922821044922|#Level:Host|#hostname:MacBook-Pro.local,timestamp:1683299051
2023-05-05T23:04:11,482 - DiskUtilization.Percent:10.4|#Level:Host|#hostname:MacBook-Pro.local,timestamp:1683299051
2023-05-05T23:04:11,482 - MemoryAvailable.Megabytes:6259.875|#Level:Host|#hostname:MacBook-Pro.local,timestamp:1683299051
2023-05-05T23:04:11,482 - MemoryUsed.Megabytes:7764.1875|#Level:Host|#hostname:MacBook-Pro.local,timestamp:1683299051
2023-05-05T23:04:11,482 - MemoryUtilization.Percent:61.8|#Level:Host|#hostname:MacBook-Pro.local,timestamp:1683299051
